<?xml version="1.0" encoding="UTF-8" ?>
<testsuite tests="4" failures="0" name="ec.edu.epn.git.proyectp.CitaTest" time="0.012" errors="0" skipped="0">
  <properties>
[...]
</properties>
  <testcase classname="ec.edu.epn.git.proyectp.CitaTest" name="register_materia" time="0.005"/>
  <testcase classname="ec.edu.epn.git.proyectp.CitaTest" name="register_tutor" time="0.005"/>
  <testcase classname="ec.edu.epn.git.proyectp.CitaTest" name="validation_data" time="0.001"/>
  <testcase classname="ec.edu.epn.git.proyectp.CitaTest" name="exist_cita" time="0.001"/>
</testsuite>